<?xml version="1.0" encoding="UTF-8"?>
<!-- Generated by org.testng.reporters.JUnitReportReporter -->
<testsuite skipped="0" hostname="prodips-MBP" name="home.TestHomePage" tests="3" failures="0" timestamp="29 Mar 2019 09:12:51 GMT" time="43.773" errors="0">
  <testcase name="TrackOrders" time="20.451" classname="home.TestHomePage"/>
  <testcase name="TestTitle" time="10.809" classname="home.TestHomePage"/>
  <testcase name="TestStoreLocator" time="12.513" classname="home.TestHomePage"/>
</testsuite> <!-- home.TestHomePage -->
