<?xml version="1.0" encoding="UTF-8"?>
<!-- Generated by org.testng.reporters.JUnitReportReporter -->
<testsuite skipped="0" hostname="prodips-MBP" name="home.TestHomePage" tests="2" failures="0" timestamp="26 Mar 2019 08:58:59 GMT" time="29.349" errors="0">
  <testcase name="TestTitle" time="9.274" classname="home.TestHomePage"/>
  <testcase name="TrackOrders" time="20.075" classname="home.TestHomePage"/>
</testsuite> <!-- home.TestHomePage -->
