<?xml version="1.0" encoding="UTF-8"?>
<!-- Generated by org.testng.reporters.JUnitReportReporter -->
<testsuite skipped="0" hostname="prodips-MacBook-Pro.local" name="search.SearchTest" tests="1" failures="0" timestamp="24 Mar 2019 19:26:15 GMT" time="64.310" errors="0">
  <testcase name="search" time="64.310" classname="search.SearchTest"/>
</testsuite> <!-- search.SearchTest -->
