<?xml version="1.0" encoding="UTF-8"?>
<!-- Generated by org.testng.reporters.JUnitReportReporter -->
<testsuite skipped="0" hostname="prodips-MBP" name="home.TestHomePage" tests="3" failures="0" timestamp="29 Mar 2019 19:53:46 GMT" time="45.693" errors="0">
  <testcase name="TrackOrders" time="20.192" classname="home.TestHomePage"/>
  <testcase name="TestTitle" time="11.609" classname="home.TestHomePage"/>
  <testcase name="TestStoreLocator" time="13.892" classname="home.TestHomePage"/>
</testsuite> <!-- home.TestHomePage -->
