<?xml version="1.0" encoding="UTF-8"?>
<testsuite xmlns:xsi="http://www.w3.org/2001/XMLSchema-instance" xsi:noNamespaceSchemaLocation="https://maven.apache.org/surefire/maven-surefire-plugin/xsd/surefire-test-report-3.0.xsd" version="3.0" name="TestSuite" time="29.666" tests="21" errors="0" skipped="16" failures="5">
  <properties>
    <property name="gopherProxySet" value="false"/>
    <property name="awt.toolkit" value="sun.lwawt.macosx.LWCToolkit"/>
    <property name="file.encoding.pkg" value="sun.io"/>
    <property name="java.specification.version" value="1.8"/>
    <property name="sun.cpu.isalist" value=""/>
    <property name="sun.jnu.encoding" value="UTF-8"/>
    <property name="java.class.path" value="/Users/alexkarmokar/IdeaProjects/AutomationFrameworkGroup6/Myspace/target/test-classes:/Users/alexkarmokar/IdeaProjects/AutomationFrameworkGroup6/Myspace/target/classes:/Users/alexkarmokar/.m2/repository/Group6AutomationFramework/Generic/1.0-SNAPSHOT/Generic-1.0-SNAPSHOT.jar:/Users/alexkarmokar/.m2/repository/org/testng/testng/6.14.3/testng-6.14.3.jar:/Users/alexkarmokar/.m2/repository/com/beust/jcommander/1.72/jcommander-1.72.jar:/Users/alexkarmokar/.m2/repository/org/apache-extras/beanshell/bsh/2.0b6/bsh-2.0b6.jar:/Users/alexkarmokar/.m2/repository/org/seleniumhq/selenium/selenium-server/3.141.59/selenium-server-3.141.59.jar:/Users/alexkarmokar/.m2/repository/org/seleniumhq/selenium/selenium-api/3.141.59/selenium-api-3.141.59.jar:/Users/alexkarmokar/.m2/repository/org/seleniumhq/selenium/selenium-chrome-driver/3.141.59/selenium-chrome-driver-3.141.59.jar:/Users/alexkarmokar/.m2/repository/org/seleniumhq/selenium/selenium-edge-driver/3.141.59/selenium-edge-driver-3.141.59.jar:/Users/alexkarmokar/.m2/repository/org/seleniumhq/selenium/selenium-firefox-driver/3.141.59/selenium-firefox-driver-3.141.59.jar:/Users/alexkarmokar/.m2/repository/org/seleniumhq/selenium/selenium-ie-driver/3.141.59/selenium-ie-driver-3.141.59.jar:/Users/alexkarmokar/.m2/repository/org/seleniumhq/selenium/selenium-opera-driver/3.141.59/selenium-opera-driver-3.141.59.jar:/Users/alexkarmokar/.m2/repository/org/seleniumhq/selenium/selenium-remote-driver/3.141.59/selenium-remote-driver-3.141.59.jar:/Users/alexkarmokar/.m2/repository/org/seleniumhq/selenium/selenium-safari-driver/3.141.59/selenium-safari-driver-3.141.59.jar:/Users/alexkarmokar/.m2/repository/org/seleniumhq/selenium/selenium-support/3.141.59/selenium-support-3.141.59.jar:/Users/alexkarmokar/.m2/repository/net/bytebuddy/byte-buddy/1.8.15/byte-buddy-1.8.15.jar:/Users/alexkarmokar/.m2/repository/org/apache/commons/commons-exec/1.3/commons-exec-1.3.jar:/Users/alexkarmokar/.m2/repository/com/google/guava/guava/25.0-jre/guava-25.0-jre.jar:/Users/alexkarmokar/.m2/repository/com/google/code/findbugs/jsr305/1.3.9/jsr305-1.3.9.jar:/Users/alexkarmokar/.m2/repository/org/checkerframework/checker-compat-qual/2.0.0/checker-compat-qual-2.0.0.jar:/Users/alexkarmokar/.m2/repository/com/google/errorprone/error_prone_annotations/2.1.3/error_prone_annotations-2.1.3.jar:/Users/alexkarmokar/.m2/repository/com/google/j2objc/j2objc-annotations/1.1/j2objc-annotations-1.1.jar:/Users/alexkarmokar/.m2/repository/org/codehaus/mojo/animal-sniffer-annotations/1.14/animal-sniffer-annotations-1.14.jar:/Users/alexkarmokar/.m2/repository/net/jcip/jcip-annotations/1.0/jcip-annotations-1.0.jar:/Users/alexkarmokar/.m2/repository/org/seleniumhq/selenium/jetty-repacked/9.4.12.v20180830/jetty-repacked-9.4.12.v20180830.jar:/Users/alexkarmokar/.m2/repository/com/squareup/okhttp3/okhttp/3.11.0/okhttp-3.11.0.jar:/Users/alexkarmokar/.m2/repository/com/squareup/okio/okio/1.14.0/okio-1.14.0.jar:/Users/alexkarmokar/.m2/repository/javax/servlet/javax.servlet-api/3.1.0/javax.servlet-api-3.1.0.jar:/Users/alexkarmokar/.m2/repository/org/yaml/snakeyaml/1.19/snakeyaml-1.19.jar:/Users/alexkarmokar/.m2/repository/org/seleniumhq/selenium/selenium-java/3.141.59/selenium-java-3.141.59.jar:/Users/alexkarmokar/.m2/repository/mysql/mysql-connector-java/8.0.15/mysql-connector-java-8.0.15.jar:/Users/alexkarmokar/.m2/repository/com/google/protobuf/protobuf-java/3.6.1/protobuf-java-3.6.1.jar:/Users/alexkarmokar/.m2/repository/org/mongodb/mongo-java-driver/3.8.2/mongo-java-driver-3.8.2.jar:/Users/alexkarmokar/.m2/repository/org/apache/poi/poi/3.17/poi-3.17.jar:/Users/alexkarmokar/.m2/repository/commons-codec/commons-codec/1.10/commons-codec-1.10.jar:/Users/alexkarmokar/.m2/repository/org/apache/commons/commons-collections4/4.1/commons-collections4-4.1.jar:/Users/alexkarmokar/.m2/repository/com/aventstack/extentreports/3.0.7/extentreports-3.0.7.jar:/Users/alexkarmokar/.m2/repository/org/freemarker/freemarker/2.3.23/freemarker-2.3.23.jar:/Users/alexkarmokar/.m2/repository/org/mongodb/mongodb-driver/3.3.0/mongodb-driver-3.3.0.jar:/Users/alexkarmokar/.m2/repository/org/mongodb/bson/3.3.0/bson-3.3.0.jar:/Users/alexkarmokar/.m2/repository/org/mongodb/mongodb-driver-core/3.3.0/mongodb-driver-core-3.3.0.jar:/Users/alexkarmokar/.m2/repository/org/apache/httpcomponents/httpclient/4.5.2/httpclient-4.5.2.jar:/Users/alexkarmokar/.m2/repository/org/apache/httpcomponents/httpcore/4.4.4/httpcore-4.4.4.jar:/Users/alexkarmokar/.m2/repository/commons-logging/commons-logging/1.2/commons-logging-1.2.jar:/Users/alexkarmokar/.m2/repository/org/apache/httpcomponents/httpmime/4.5.2/httpmime-4.5.2.jar:/Users/alexkarmokar/.m2/repository/org/jsoup/jsoup/1.9.2/jsoup-1.9.2.jar:/Users/alexkarmokar/.m2/repository/com/google/code/gson/gson/2.8.0/gson-2.8.0.jar:/Users/alexkarmokar/.m2/repository/com/relevantcodes/extentreports/2.41.1/extentreports-2.41.1.jar:/Users/alexkarmokar/.m2/repository/org/xerial/sqlite-jdbc/3.8.11.1/sqlite-jdbc-3.8.11.1.jar:/Users/alexkarmokar/.m2/repository/org/apache/commons/commons-lang3/3.0/commons-lang3-3.0.jar:/Users/alexkarmokar/.m2/repository/commons-io/commons-io/2.5/commons-io-2.5.jar:"/>
    <property name="java.vm.vendor" value="Oracle Corporation"/>
    <property name="sun.arch.data.model" value="64"/>
    <property name="java.vendor.url" value="http://java.oracle.com/"/>
    <property name="user.timezone" value=""/>
    <property name="java.vm.specification.version" value="1.8"/>
    <property name="os.name" value="Mac OS X"/>
    <property name="user.country" value="US"/>
    <property name="sun.java.launcher" value="SUN_STANDARD"/>
    <property name="sun.boot.library.path" value="/Library/Java/JavaVirtualMachines/jdk1.8.0_201.jdk/Contents/Home/jre/lib"/>
    <property name="sun.java.command" value="/Users/alexkarmokar/IdeaProjects/AutomationFrameworkGroup6/Myspace/target/surefire/surefirebooter2967033991357705812.jar /Users/alexkarmokar/IdeaProjects/AutomationFrameworkGroup6/Myspace/target/surefire 2019-03-27T21-26-40_026-jvmRun1 surefire8394414704786013434tmp surefire_02307280765920590737tmp"/>
    <property name="http.nonProxyHosts" value="local|*.local|169.254/16|*.169.254/16"/>
    <property name="surefire.test.class.path" value="/Users/alexkarmokar/IdeaProjects/AutomationFrameworkGroup6/Myspace/target/test-classes:/Users/alexkarmokar/IdeaProjects/AutomationFrameworkGroup6/Myspace/target/classes:/Users/alexkarmokar/.m2/repository/Group6AutomationFramework/Generic/1.0-SNAPSHOT/Generic-1.0-SNAPSHOT.jar:/Users/alexkarmokar/.m2/repository/org/testng/testng/6.14.3/testng-6.14.3.jar:/Users/alexkarmokar/.m2/repository/com/beust/jcommander/1.72/jcommander-1.72.jar:/Users/alexkarmokar/.m2/repository/org/apache-extras/beanshell/bsh/2.0b6/bsh-2.0b6.jar:/Users/alexkarmokar/.m2/repository/org/seleniumhq/selenium/selenium-server/3.141.59/selenium-server-3.141.59.jar:/Users/alexkarmokar/.m2/repository/org/seleniumhq/selenium/selenium-api/3.141.59/selenium-api-3.141.59.jar:/Users/alexkarmokar/.m2/repository/org/seleniumhq/selenium/selenium-chrome-driver/3.141.59/selenium-chrome-driver-3.141.59.jar:/Users/alexkarmokar/.m2/repository/org/seleniumhq/selenium/selenium-edge-driver/3.141.59/selenium-edge-driver-3.141.59.jar:/Users/alexkarmokar/.m2/repository/org/seleniumhq/selenium/selenium-firefox-driver/3.141.59/selenium-firefox-driver-3.141.59.jar:/Users/alexkarmokar/.m2/repository/org/seleniumhq/selenium/selenium-ie-driver/3.141.59/selenium-ie-driver-3.141.59.jar:/Users/alexkarmokar/.m2/repository/org/seleniumhq/selenium/selenium-opera-driver/3.141.59/selenium-opera-driver-3.141.59.jar:/Users/alexkarmokar/.m2/repository/org/seleniumhq/selenium/selenium-remote-driver/3.141.59/selenium-remote-driver-3.141.59.jar:/Users/alexkarmokar/.m2/repository/org/seleniumhq/selenium/selenium-safari-driver/3.141.59/selenium-safari-driver-3.141.59.jar:/Users/alexkarmokar/.m2/repository/org/seleniumhq/selenium/selenium-support/3.141.59/selenium-support-3.141.59.jar:/Users/alexkarmokar/.m2/repository/net/bytebuddy/byte-buddy/1.8.15/byte-buddy-1.8.15.jar:/Users/alexkarmokar/.m2/repository/org/apache/commons/commons-exec/1.3/commons-exec-1.3.jar:/Users/alexkarmokar/.m2/repository/com/google/guava/guava/25.0-jre/guava-25.0-jre.jar:/Users/alexkarmokar/.m2/repository/com/google/code/findbugs/jsr305/1.3.9/jsr305-1.3.9.jar:/Users/alexkarmokar/.m2/repository/org/checkerframework/checker-compat-qual/2.0.0/checker-compat-qual-2.0.0.jar:/Users/alexkarmokar/.m2/repository/com/google/errorprone/error_prone_annotations/2.1.3/error_prone_annotations-2.1.3.jar:/Users/alexkarmokar/.m2/repository/com/google/j2objc/j2objc-annotations/1.1/j2objc-annotations-1.1.jar:/Users/alexkarmokar/.m2/repository/org/codehaus/mojo/animal-sniffer-annotations/1.14/animal-sniffer-annotations-1.14.jar:/Users/alexkarmokar/.m2/repository/net/jcip/jcip-annotations/1.0/jcip-annotations-1.0.jar:/Users/alexkarmokar/.m2/repository/org/seleniumhq/selenium/jetty-repacked/9.4.12.v20180830/jetty-repacked-9.4.12.v20180830.jar:/Users/alexkarmokar/.m2/repository/com/squareup/okhttp3/okhttp/3.11.0/okhttp-3.11.0.jar:/Users/alexkarmokar/.m2/repository/com/squareup/okio/okio/1.14.0/okio-1.14.0.jar:/Users/alexkarmokar/.m2/repository/javax/servlet/javax.servlet-api/3.1.0/javax.servlet-api-3.1.0.jar:/Users/alexkarmokar/.m2/repository/org/yaml/snakeyaml/1.19/snakeyaml-1.19.jar:/Users/alexkarmokar/.m2/repository/org/seleniumhq/selenium/selenium-java/3.141.59/selenium-java-3.141.59.jar:/Users/alexkarmokar/.m2/repository/mysql/mysql-connector-java/8.0.15/mysql-connector-java-8.0.15.jar:/Users/alexkarmokar/.m2/repository/com/google/protobuf/protobuf-java/3.6.1/protobuf-java-3.6.1.jar:/Users/alexkarmokar/.m2/repository/org/mongodb/mongo-java-driver/3.8.2/mongo-java-driver-3.8.2.jar:/Users/alexkarmokar/.m2/repository/org/apache/poi/poi/3.17/poi-3.17.jar:/Users/alexkarmokar/.m2/repository/commons-codec/commons-codec/1.10/commons-codec-1.10.jar:/Users/alexkarmokar/.m2/repository/org/apache/commons/commons-collections4/4.1/commons-collections4-4.1.jar:/Users/alexkarmokar/.m2/repository/com/aventstack/extentreports/3.0.7/extentreports-3.0.7.jar:/Users/alexkarmokar/.m2/repository/org/freemarker/freemarker/2.3.23/freemarker-2.3.23.jar:/Users/alexkarmokar/.m2/repository/org/mongodb/mongodb-driver/3.3.0/mongodb-driver-3.3.0.jar:/Users/alexkarmokar/.m2/repository/org/mongodb/bson/3.3.0/bson-3.3.0.jar:/Users/alexkarmokar/.m2/repository/org/mongodb/mongodb-driver-core/3.3.0/mongodb-driver-core-3.3.0.jar:/Users/alexkarmokar/.m2/repository/org/apache/httpcomponents/httpclient/4.5.2/httpclient-4.5.2.jar:/Users/alexkarmokar/.m2/repository/org/apache/httpcomponents/httpcore/4.4.4/httpcore-4.4.4.jar:/Users/alexkarmokar/.m2/repository/commons-logging/commons-logging/1.2/commons-logging-1.2.jar:/Users/alexkarmokar/.m2/repository/org/apache/httpcomponents/httpmime/4.5.2/httpmime-4.5.2.jar:/Users/alexkarmokar/.m2/repository/org/jsoup/jsoup/1.9.2/jsoup-1.9.2.jar:/Users/alexkarmokar/.m2/repository/com/google/code/gson/gson/2.8.0/gson-2.8.0.jar:/Users/alexkarmokar/.m2/repository/com/relevantcodes/extentreports/2.41.1/extentreports-2.41.1.jar:/Users/alexkarmokar/.m2/repository/org/xerial/sqlite-jdbc/3.8.11.1/sqlite-jdbc-3.8.11.1.jar:/Users/alexkarmokar/.m2/repository/org/apache/commons/commons-lang3/3.0/commons-lang3-3.0.jar:/Users/alexkarmokar/.m2/repository/commons-io/commons-io/2.5/commons-io-2.5.jar:"/>
    <property name="sun.cpu.endian" value="little"/>
    <property name="user.home" value="/Users/alexkarmokar"/>
    <property name="user.language" value="en"/>
    <property name="java.specification.vendor" value="Oracle Corporation"/>
    <property name="java.home" value="/Library/Java/JavaVirtualMachines/jdk1.8.0_201.jdk/Contents/Home/jre"/>
    <property name="basedir" value="/Users/alexkarmokar/IdeaProjects/AutomationFrameworkGroup6/Myspace"/>
    <property name="file.separator" value="/"/>
    <property name="line.separator" value="&#10;"/>
    <property name="java.vm.specification.vendor" value="Oracle Corporation"/>
    <property name="java.specification.name" value="Java Platform API Specification"/>
    <property name="java.awt.graphicsenv" value="sun.awt.CGraphicsEnvironment"/>
    <property name="surefire.real.class.path" value="/Users/alexkarmokar/IdeaProjects/AutomationFrameworkGroup6/Myspace/target/surefire/surefirebooter2967033991357705812.jar"/>
    <property name="sun.boot.class.path" value="/Library/Java/JavaVirtualMachines/jdk1.8.0_201.jdk/Contents/Home/jre/lib/resources.jar:/Library/Java/JavaVirtualMachines/jdk1.8.0_201.jdk/Contents/Home/jre/lib/rt.jar:/Library/Java/JavaVirtualMachines/jdk1.8.0_201.jdk/Contents/Home/jre/lib/sunrsasign.jar:/Library/Java/JavaVirtualMachines/jdk1.8.0_201.jdk/Contents/Home/jre/lib/jsse.jar:/Library/Java/JavaVirtualMachines/jdk1.8.0_201.jdk/Contents/Home/jre/lib/jce.jar:/Library/Java/JavaVirtualMachines/jdk1.8.0_201.jdk/Contents/Home/jre/lib/charsets.jar:/Library/Java/JavaVirtualMachines/jdk1.8.0_201.jdk/Contents/Home/jre/lib/jfr.jar:/Library/Java/JavaVirtualMachines/jdk1.8.0_201.jdk/Contents/Home/jre/classes"/>
    <property name="sun.management.compiler" value="HotSpot 64-Bit Tiered Compilers"/>
    <property name="ftp.nonProxyHosts" value="local|*.local|169.254/16|*.169.254/16"/>
    <property name="java.runtime.version" value="1.8.0_201-b09"/>
    <property name="user.name" value="alexkarmokar"/>
    <property name="path.separator" value=":"/>
    <property name="os.version" value="10.13.6"/>
    <property name="java.endorsed.dirs" value="/Library/Java/JavaVirtualMachines/jdk1.8.0_201.jdk/Contents/Home/jre/lib/endorsed"/>
    <property name="java.runtime.name" value="Java(TM) SE Runtime Environment"/>
    <property name="file.encoding" value="UTF-8"/>
    <property name="java.vm.name" value="Java HotSpot(TM) 64-Bit Server VM"/>
    <property name="localRepository" value="/Users/alexkarmokar/.m2/repository"/>
    <property name="java.vendor.url.bug" value="http://bugreport.sun.com/bugreport/"/>
    <property name="java.io.tmpdir" value="/var/folders/9c/082wz8lj5pq_0jj76z6vdmdh0000gn/T/"/>
    <property name="idea.version" value="2018.3.5"/>
    <property name="java.version" value="1.8.0_201"/>
    <property name="user.dir" value="/Users/alexkarmokar/IdeaProjects/AutomationFrameworkGroup6/Myspace"/>
    <property name="os.arch" value="x86_64"/>
    <property name="java.vm.specification.name" value="Java Virtual Machine Specification"/>
    <property name="java.awt.printerjob" value="sun.lwawt.macosx.CPrinterJob"/>
    <property name="sun.os.patch.level" value="unknown"/>
    <property name="java.library.path" value="/Users/alexkarmokar/Library/Java/Extensions:/Library/Java/Extensions:/Network/Library/Java/Extensions:/System/Library/Java/Extensions:/usr/lib/java:."/>
    <property name="java.vm.info" value="mixed mode"/>
    <property name="java.vendor" value="Oracle Corporation"/>
    <property name="java.vm.version" value="25.201-b09"/>
    <property name="java.ext.dirs" value="/Users/alexkarmokar/Library/Java/Extensions:/Library/Java/JavaVirtualMachines/jdk1.8.0_201.jdk/Contents/Home/jre/lib/ext:/Library/Java/Extensions:/Network/Library/Java/Extensions:/System/Library/Java/Extensions:/usr/lib/java"/>
    <property name="sun.io.unicode.encoding" value="UnicodeBig"/>
    <property name="java.class.version" value="52.0"/>
    <property name="socksNonProxyHosts" value="local|*.local|169.254/16|*.169.254/16"/>
  </properties>
  <testcase name="setUp" classname="title.TestHome" time="22.205">
    <failure message="no such window: window was already closed&#10;  (Session info: chrome=73.0.3683.86)&#10;  (Driver info: chromedriver=2.46.628411 (3324f4c8be9ff2f70a05a30ebc72ffb013e1a71e),platform=Mac OS X 10.13.6 x86_64) (WARNING: The server did not provide any stacktrace information)&#10;Command duration or timeout: 0 milliseconds&#10;Build info: version: &apos;3.141.59&apos;, revision: &apos;e82be7d358&apos;, time: &apos;2018-11-14T08:17:03&apos;&#10;System info: host: &apos;Alexs-MacBook-Pro.local&apos;, ip: &apos;2604:2000:b056:d800:0:0:0:8%en0&apos;, os.name: &apos;Mac OS X&apos;, os.arch: &apos;x86_64&apos;, os.version: &apos;10.13.6&apos;, java.version: &apos;1.8.0_201&apos;&#10;Driver info: org.openqa.selenium.chrome.ChromeDriver&#10;Capabilities {acceptInsecureCerts: false, acceptSslCerts: false, applicationCacheEnabled: false, browserConnectionEnabled: false, browserName: chrome, chrome: {chromedriverVersion: 2.46.628411 (3324f4c8be9ff2..., userDataDir: /var/folders/9c/082wz8lj5pq...}, cssSelectorsEnabled: true, databaseEnabled: false, goog:chromeOptions: {debuggerAddress: localhost:53986}, handlesAlerts: true, hasTouchScreen: false, javascriptEnabled: true, locationContextEnabled: true, mobileEmulationEnabled: false, nativeEvents: true, networkConnectionEnabled: false, pageLoadStrategy: normal, platform: MAC, platformName: MAC, proxy: Proxy(), rotatable: false, setWindowRect: true, strictFileInteractability: false, takesHeapSnapshot: true, takesScreenshot: true, timeouts: {implicit: 0, pageLoad: 300000, script: 30000}, unexpectedAlertBehaviour: ignore, unhandledPromptBehavior: ignore, version: 73.0.3683.86, webStorageEnabled: true}&#10;Session ID: 4c9114844d036bdb033099a222b2cfc2" type="org.openqa.selenium.NoSuchWindowException">org.openqa.selenium.NoSuchWindowException: 
no such window: window was already closed
  (Session info: chrome=73.0.3683.86)
  (Driver info: chromedriver=2.46.628411 (3324f4c8be9ff2f70a05a30ebc72ffb013e1a71e),platform=Mac OS X 10.13.6 x86_64) (WARNING: The server did not provide any stacktrace information)
Command duration or timeout: 0 milliseconds
Build info: version: '3.141.59', revision: 'e82be7d358', time: '2018-11-14T08:17:03'
System info: host: 'Alexs-MacBook-Pro.local', ip: '2604:2000:b056:d800:0:0:0:8%en0', os.name: 'Mac OS X', os.arch: 'x86_64', os.version: '10.13.6', java.version: '1.8.0_201'
Driver info: org.openqa.selenium.chrome.ChromeDriver
Capabilities {acceptInsecureCerts: false, acceptSslCerts: false, applicationCacheEnabled: false, browserConnectionEnabled: false, browserName: chrome, chrome: {chromedriverVersion: 2.46.628411 (3324f4c8be9ff2..., userDataDir: /var/folders/9c/082wz8lj5pq...}, cssSelectorsEnabled: true, databaseEnabled: false, goog:chromeOptions: {debuggerAddress: localhost:53986}, handlesAlerts: true, hasTouchScreen: false, javascriptEnabled: true, locationContextEnabled: true, mobileEmulationEnabled: false, nativeEvents: true, networkConnectionEnabled: false, pageLoadStrategy: normal, platform: MAC, platformName: MAC, proxy: Proxy(), rotatable: false, setWindowRect: true, strictFileInteractability: false, takesHeapSnapshot: true, takesScreenshot: true, timeouts: {implicit: 0, pageLoad: 300000, script: 30000}, unexpectedAlertBehaviour: ignore, unhandledPromptBehavior: ignore, version: 73.0.3683.86, webStorageEnabled: true}
Session ID: 4c9114844d036bdb033099a222b2cfc2
</failure>
    <system-out><![CDATA[Extent Report Directory/Users/alexkarmokar/IdeaProjects/AutomationFrameworkGroup6/Myspace/target/surefire-reports/html
]]></system-out>
    <system-err><![CDATA[Mar 27, 2019 9:26:41 PM com.relevantcodes.extentreports.ExtentReports loadConfig
WARNING: Unable to perform report configuration. The file /Users/alexkarmokar/IdeaProjects/AutomationFrameworkGroup6/Myspace/report-config.xml was not found.
SStStataarrting Chtrting ChromeDriver 2.46.628411 (3324f4c8be9ff2ing ChromeDriver 2.46.628411 (3324f4c8be9ff2f70a05a30ebc72ffb013e1a71e) on port 7674
Only local connections are allowed.
Please protect ports used by ChromeDriver and related test frameworks to prevent access by malicious code.
romeDriver 2.46.628411 (3324f4c8be9ff2f70a05a30ebc72ffb013e1a71e) on port 348f70a05a30ebc72ffb013e1a71e) on port 14405
Only local connections are allowed.
Please protect ports used by ChromeDriver and related test f93
Only local crameworks to prevent access by monnalicious code.
ections are allowed.
Please protect ports used by ChromeDriver and related test frameworks to prevent access by malicious code.
Starting ChromeDriver 2.46.628411 (3324f4c8be9ff2f70a05a30ebc72ffb013e1a71e) on port 32907
Only local connections are allowed.
Please protect ports used by ChromeDriver and related test frameworks to prevent access by malicious code.
Mar 27, 2019 9:26:44 PM org.openqa.selenium.remote.ProtocolHandshake createSession
INFO: Detected dialect: OSS
Mar 27, 2019 9:26:44 PM org.openqa.selenium.remote.ProtocolHandshake createSession
INFO: Detected dialect: OSS
Mar 27, 2019 9:26:44 PM org.openqa.selenium.remote.ProtocolHandshake createSession
INFO: Detected dialect: OSS
Mar 27, 2019 9:26:45 PM org.openqa.selenium.remote.ProtocolHandshake createSession
INFO: Detected dialect: OSS
]]></system-err>
  </testcase>
  <testcase name="setUp" classname="title.TestHome" time="29.001">
    <failure message="timeout&#10;  (Session info: chrome=73.0.3683.86)&#10;  (Driver info: chromedriver=2.46.628411 (3324f4c8be9ff2f70a05a30ebc72ffb013e1a71e),platform=Mac OS X 10.13.6 x86_64) (WARNING: The server did not provide any stacktrace information)&#10;Command duration or timeout: 0 milliseconds&#10;Build info: version: &apos;3.141.59&apos;, revision: &apos;e82be7d358&apos;, time: &apos;2018-11-14T08:17:03&apos;&#10;System info: host: &apos;Alexs-MacBook-Pro.local&apos;, ip: &apos;2604:2000:b056:d800:0:0:0:8%en0&apos;, os.name: &apos;Mac OS X&apos;, os.arch: &apos;x86_64&apos;, os.version: &apos;10.13.6&apos;, java.version: &apos;1.8.0_201&apos;&#10;Driver info: org.openqa.selenium.chrome.ChromeDriver&#10;Capabilities {acceptInsecureCerts: false, acceptSslCerts: false, applicationCacheEnabled: false, browserConnectionEnabled: false, browserName: chrome, chrome: {chromedriverVersion: 2.46.628411 (3324f4c8be9ff2..., userDataDir: /var/folders/9c/082wz8lj5pq...}, cssSelectorsEnabled: true, databaseEnabled: false, goog:chromeOptions: {debuggerAddress: localhost:53989}, handlesAlerts: true, hasTouchScreen: false, javascriptEnabled: true, locationContextEnabled: true, mobileEmulationEnabled: false, nativeEvents: true, networkConnectionEnabled: false, pageLoadStrategy: normal, platform: MAC, platformName: MAC, proxy: Proxy(), rotatable: false, setWindowRect: true, strictFileInteractability: false, takesHeapSnapshot: true, takesScreenshot: true, timeouts: {implicit: 0, pageLoad: 300000, script: 30000}, unexpectedAlertBehaviour: ignore, unhandledPromptBehavior: ignore, version: 73.0.3683.86, webStorageEnabled: true}&#10;Session ID: a682ae5ba27e55dcb6ef9737b7ef0b9f" type="org.openqa.selenium.TimeoutException">org.openqa.selenium.TimeoutException: 
timeout
  (Session info: chrome=73.0.3683.86)
  (Driver info: chromedriver=2.46.628411 (3324f4c8be9ff2f70a05a30ebc72ffb013e1a71e),platform=Mac OS X 10.13.6 x86_64) (WARNING: The server did not provide any stacktrace information)
Command duration or timeout: 0 milliseconds
Build info: version: '3.141.59', revision: 'e82be7d358', time: '2018-11-14T08:17:03'
System info: host: 'Alexs-MacBook-Pro.local', ip: '2604:2000:b056:d800:0:0:0:8%en0', os.name: 'Mac OS X', os.arch: 'x86_64', os.version: '10.13.6', java.version: '1.8.0_201'
Driver info: org.openqa.selenium.chrome.ChromeDriver
Capabilities {acceptInsecureCerts: false, acceptSslCerts: false, applicationCacheEnabled: false, browserConnectionEnabled: false, browserName: chrome, chrome: {chromedriverVersion: 2.46.628411 (3324f4c8be9ff2..., userDataDir: /var/folders/9c/082wz8lj5pq...}, cssSelectorsEnabled: true, databaseEnabled: false, goog:chromeOptions: {debuggerAddress: localhost:53989}, handlesAlerts: true, hasTouchScreen: false, javascriptEnabled: true, locationContextEnabled: true, mobileEmulationEnabled: false, nativeEvents: true, networkConnectionEnabled: false, pageLoadStrategy: normal, platform: MAC, platformName: MAC, proxy: Proxy(), rotatable: false, setWindowRect: true, strictFileInteractability: false, takesHeapSnapshot: true, takesScreenshot: true, timeouts: {implicit: 0, pageLoad: 300000, script: 30000}, unexpectedAlertBehaviour: ignore, unhandledPromptBehavior: ignore, version: 73.0.3683.86, webStorageEnabled: true}
Session ID: a682ae5ba27e55dcb6ef9737b7ef0b9f
</failure>
    <system-err><![CDATA[[1553736429.813][SEVERE]: Timed out receiving message from renderer: 21.957
[1553736429.817][SEVERE]: Timed out receiving message from renderer: -0.006
]]></system-err>
  </testcase>
  <testcase name="setUp" classname="title.TestHome" time="29.032">
    <failure message="no such window: window was already closed&#10;  (Session info: chrome=73.0.3683.86)&#10;  (Driver info: chromedriver=2.46.628411 (3324f4c8be9ff2f70a05a30ebc72ffb013e1a71e),platform=Mac OS X 10.13.6 x86_64) (WARNING: The server did not provide any stacktrace information)&#10;Command duration or timeout: 0 milliseconds&#10;Build info: version: &apos;3.141.59&apos;, revision: &apos;e82be7d358&apos;, time: &apos;2018-11-14T08:17:03&apos;&#10;System info: host: &apos;Alexs-MacBook-Pro.local&apos;, ip: &apos;2604:2000:b056:d800:0:0:0:8%en0&apos;, os.name: &apos;Mac OS X&apos;, os.arch: &apos;x86_64&apos;, os.version: &apos;10.13.6&apos;, java.version: &apos;1.8.0_201&apos;&#10;Driver info: org.openqa.selenium.chrome.ChromeDriver&#10;Capabilities {acceptInsecureCerts: false, acceptSslCerts: false, applicationCacheEnabled: false, browserConnectionEnabled: false, browserName: chrome, chrome: {chromedriverVersion: 2.46.628411 (3324f4c8be9ff2..., userDataDir: /var/folders/9c/082wz8lj5pq...}, cssSelectorsEnabled: true, databaseEnabled: false, goog:chromeOptions: {debuggerAddress: localhost:53986}, handlesAlerts: true, hasTouchScreen: false, javascriptEnabled: true, locationContextEnabled: true, mobileEmulationEnabled: false, nativeEvents: true, networkConnectionEnabled: false, pageLoadStrategy: normal, platform: MAC, platformName: MAC, proxy: Proxy(), rotatable: false, setWindowRect: true, strictFileInteractability: false, takesHeapSnapshot: true, takesScreenshot: true, timeouts: {implicit: 0, pageLoad: 300000, script: 30000}, unexpectedAlertBehaviour: ignore, unhandledPromptBehavior: ignore, version: 73.0.3683.86, webStorageEnabled: true}&#10;Session ID: 4c9114844d036bdb033099a222b2cfc2" type="org.openqa.selenium.NoSuchWindowException">org.openqa.selenium.NoSuchWindowException: 
no such window: window was already closed
  (Session info: chrome=73.0.3683.86)
  (Driver info: chromedriver=2.46.628411 (3324f4c8be9ff2f70a05a30ebc72ffb013e1a71e),platform=Mac OS X 10.13.6 x86_64) (WARNING: The server did not provide any stacktrace information)
Command duration or timeout: 0 milliseconds
Build info: version: '3.141.59', revision: 'e82be7d358', time: '2018-11-14T08:17:03'
System info: host: 'Alexs-MacBook-Pro.local', ip: '2604:2000:b056:d800:0:0:0:8%en0', os.name: 'Mac OS X', os.arch: 'x86_64', os.version: '10.13.6', java.version: '1.8.0_201'
Driver info: org.openqa.selenium.chrome.ChromeDriver
Capabilities {acceptInsecureCerts: false, acceptSslCerts: false, applicationCacheEnabled: false, browserConnectionEnabled: false, browserName: chrome, chrome: {chromedriverVersion: 2.46.628411 (3324f4c8be9ff2..., userDataDir: /var/folders/9c/082wz8lj5pq...}, cssSelectorsEnabled: true, databaseEnabled: false, goog:chromeOptions: {debuggerAddress: localhost:53986}, handlesAlerts: true, hasTouchScreen: false, javascriptEnabled: true, locationContextEnabled: true, mobileEmulationEnabled: false, nativeEvents: true, networkConnectionEnabled: false, pageLoadStrategy: normal, platform: MAC, platformName: MAC, proxy: Proxy(), rotatable: false, setWindowRect: true, strictFileInteractability: false, takesHeapSnapshot: true, takesScreenshot: true, timeouts: {implicit: 0, pageLoad: 300000, script: 30000}, unexpectedAlertBehaviour: ignore, unhandledPromptBehavior: ignore, version: 73.0.3683.86, webStorageEnabled: true}
Session ID: 4c9114844d036bdb033099a222b2cfc2
</failure>
  </testcase>
  <testcase name="setUp" classname="title.TestHome" time="29.093">
    <failure message="timeout&#10;  (Session info: chrome=73.0.3683.86)&#10;  (Driver info: chromedriver=2.46.628411 (3324f4c8be9ff2f70a05a30ebc72ffb013e1a71e),platform=Mac OS X 10.13.6 x86_64) (WARNING: The server did not provide any stacktrace information)&#10;Command duration or timeout: 0 milliseconds&#10;Build info: version: &apos;3.141.59&apos;, revision: &apos;e82be7d358&apos;, time: &apos;2018-11-14T08:17:03&apos;&#10;System info: host: &apos;Alexs-MacBook-Pro.local&apos;, ip: &apos;2604:2000:b056:d800:0:0:0:8%en0&apos;, os.name: &apos;Mac OS X&apos;, os.arch: &apos;x86_64&apos;, os.version: &apos;10.13.6&apos;, java.version: &apos;1.8.0_201&apos;&#10;Driver info: org.openqa.selenium.chrome.ChromeDriver&#10;Capabilities {acceptInsecureCerts: false, acceptSslCerts: false, applicationCacheEnabled: false, browserConnectionEnabled: false, browserName: chrome, chrome: {chromedriverVersion: 2.46.628411 (3324f4c8be9ff2..., userDataDir: /var/folders/9c/082wz8lj5pq...}, cssSelectorsEnabled: true, databaseEnabled: false, goog:chromeOptions: {debuggerAddress: localhost:53987}, handlesAlerts: true, hasTouchScreen: false, javascriptEnabled: true, locationContextEnabled: true, mobileEmulationEnabled: false, nativeEvents: true, networkConnectionEnabled: false, pageLoadStrategy: normal, platform: MAC, platformName: MAC, proxy: Proxy(), rotatable: false, setWindowRect: true, strictFileInteractability: false, takesHeapSnapshot: true, takesScreenshot: true, timeouts: {implicit: 0, pageLoad: 300000, script: 30000}, unexpectedAlertBehaviour: ignore, unhandledPromptBehavior: ignore, version: 73.0.3683.86, webStorageEnabled: true}&#10;Session ID: ac07456fa9172f1d9d49856392f77ffa" type="org.openqa.selenium.TimeoutException">org.openqa.selenium.TimeoutException: 
timeout
  (Session info: chrome=73.0.3683.86)
  (Driver info: chromedriver=2.46.628411 (3324f4c8be9ff2f70a05a30ebc72ffb013e1a71e),platform=Mac OS X 10.13.6 x86_64) (WARNING: The server did not provide any stacktrace information)
Command duration or timeout: 0 milliseconds
Build info: version: '3.141.59', revision: 'e82be7d358', time: '2018-11-14T08:17:03'
System info: host: 'Alexs-MacBook-Pro.local', ip: '2604:2000:b056:d800:0:0:0:8%en0', os.name: 'Mac OS X', os.arch: 'x86_64', os.version: '10.13.6', java.version: '1.8.0_201'
Driver info: org.openqa.selenium.chrome.ChromeDriver
Capabilities {acceptInsecureCerts: false, acceptSslCerts: false, applicationCacheEnabled: false, browserConnectionEnabled: false, browserName: chrome, chrome: {chromedriverVersion: 2.46.628411 (3324f4c8be9ff2..., userDataDir: /var/folders/9c/082wz8lj5pq...}, cssSelectorsEnabled: true, databaseEnabled: false, goog:chromeOptions: {debuggerAddress: localhost:53987}, handlesAlerts: true, hasTouchScreen: false, javascriptEnabled: true, locationContextEnabled: true, mobileEmulationEnabled: false, nativeEvents: true, networkConnectionEnabled: false, pageLoadStrategy: normal, platform: MAC, platformName: MAC, proxy: Proxy(), rotatable: false, setWindowRect: true, strictFileInteractability: false, takesHeapSnapshot: true, takesScreenshot: true, timeouts: {implicit: 0, pageLoad: 300000, script: 30000}, unexpectedAlertBehaviour: ignore, unhandledPromptBehavior: ignore, version: 73.0.3683.86, webStorageEnabled: true}
Session ID: ac07456fa9172f1d9d49856392f77ffa
</failure>
    <system-err><![CDATA[[1553736429.937][SEVERE]: Timed out receiving message from renderer: 23.542
[1553736429.939][SEVERE]: Timed out receiving message from renderer: -0.002
]]></system-err>
  </testcase>
  <testcase name="startExtent" classname="title.TestHome" time="0">
    <skipped/>
  </testcase>
  <testcase name="startExtent" classname="title.TestHome" time="0">
    <skipped/>
  </testcase>
  <testcase name="startExtent" classname="title.TestHome" time="0">
    <skipped/>
  </testcase>
  <testcase name="startExtent" classname="title.TestHome" time="0">
    <skipped/>
  </testcase>
  <testcase name="Test1" classname="title.TestHome" time="0">
    <skipped message="no such window: window was already closed&#10;  (Session info: chrome=73.0.3683.86)&#10;  (Driver info: chromedriver=2.46.628411 (3324f4c8be9ff2f70a05a30ebc72ffb013e1a71e),platform=Mac OS X 10.13.6 x86_64) (WARNING: The server did not provide any stacktrace information)&#10;Command duration or timeout: 0 milliseconds&#10;Build info: version: &apos;3.141.59&apos;, revision: &apos;e82be7d358&apos;, time: &apos;2018-11-14T08:17:03&apos;&#10;System info: host: &apos;Alexs-MacBook-Pro.local&apos;, ip: &apos;2604:2000:b056:d800:0:0:0:8%en0&apos;, os.name: &apos;Mac OS X&apos;, os.arch: &apos;x86_64&apos;, os.version: &apos;10.13.6&apos;, java.version: &apos;1.8.0_201&apos;&#10;Driver info: org.openqa.selenium.chrome.ChromeDriver&#10;Capabilities {acceptInsecureCerts: false, acceptSslCerts: false, applicationCacheEnabled: false, browserConnectionEnabled: false, browserName: chrome, chrome: {chromedriverVersion: 2.46.628411 (3324f4c8be9ff2..., userDataDir: /var/folders/9c/082wz8lj5pq...}, cssSelectorsEnabled: true, databaseEnabled: false, goog:chromeOptions: {debuggerAddress: localhost:53986}, handlesAlerts: true, hasTouchScreen: false, javascriptEnabled: true, locationContextEnabled: true, mobileEmulationEnabled: false, nativeEvents: true, networkConnectionEnabled: false, pageLoadStrategy: normal, platform: MAC, platformName: MAC, proxy: Proxy(), rotatable: false, setWindowRect: true, strictFileInteractability: false, takesHeapSnapshot: true, takesScreenshot: true, timeouts: {implicit: 0, pageLoad: 300000, script: 30000}, unexpectedAlertBehaviour: ignore, unhandledPromptBehavior: ignore, version: 73.0.3683.86, webStorageEnabled: true}&#10;Session ID: 4c9114844d036bdb033099a222b2cfc2"/>
  </testcase>
  <testcase name="afterEachTestMethod" classname="title.TestHome" time="0">
    <skipped/>
  </testcase>
  <testcase name="afterEachTestMethod" classname="title.TestHome" time="0">
    <skipped/>
  </testcase>
  <testcase name="afterEachTestMethod" classname="title.TestHome" time="0">
    <skipped/>
  </testcase>
  <testcase name="afterEachTestMethod" classname="title.TestHome" time="0">
    <skipped/>
  </testcase>
  <testcase name="cleanUp" classname="title.TestHome" time="0">
    <skipped/>
  </testcase>
  <testcase name="cleanUp" classname="title.TestHome" time="0">
    <skipped/>
  </testcase>
  <testcase name="cleanUp" classname="title.TestHome" time="0">
    <skipped/>
  </testcase>
  <testcase name="cleanUp" classname="title.TestHome" time="0">
    <skipped/>
  </testcase>
  <testcase name="Test3" classname="title.TestHome" time="0">
    <skipped message="no such window: window was already closed&#10;  (Session info: chrome=73.0.3683.86)&#10;  (Driver info: chromedriver=2.46.628411 (3324f4c8be9ff2f70a05a30ebc72ffb013e1a71e),platform=Mac OS X 10.13.6 x86_64) (WARNING: The server did not provide any stacktrace information)&#10;Command duration or timeout: 0 milliseconds&#10;Build info: version: &apos;3.141.59&apos;, revision: &apos;e82be7d358&apos;, time: &apos;2018-11-14T08:17:03&apos;&#10;System info: host: &apos;Alexs-MacBook-Pro.local&apos;, ip: &apos;2604:2000:b056:d800:0:0:0:8%en0&apos;, os.name: &apos;Mac OS X&apos;, os.arch: &apos;x86_64&apos;, os.version: &apos;10.13.6&apos;, java.version: &apos;1.8.0_201&apos;&#10;Driver info: org.openqa.selenium.chrome.ChromeDriver&#10;Capabilities {acceptInsecureCerts: false, acceptSslCerts: false, applicationCacheEnabled: false, browserConnectionEnabled: false, browserName: chrome, chrome: {chromedriverVersion: 2.46.628411 (3324f4c8be9ff2..., userDataDir: /var/folders/9c/082wz8lj5pq...}, cssSelectorsEnabled: true, databaseEnabled: false, goog:chromeOptions: {debuggerAddress: localhost:53986}, handlesAlerts: true, hasTouchScreen: false, javascriptEnabled: true, locationContextEnabled: true, mobileEmulationEnabled: false, nativeEvents: true, networkConnectionEnabled: false, pageLoadStrategy: normal, platform: MAC, platformName: MAC, proxy: Proxy(), rotatable: false, setWindowRect: true, strictFileInteractability: false, takesHeapSnapshot: true, takesScreenshot: true, timeouts: {implicit: 0, pageLoad: 300000, script: 30000}, unexpectedAlertBehaviour: ignore, unhandledPromptBehavior: ignore, version: 73.0.3683.86, webStorageEnabled: true}&#10;Session ID: 4c9114844d036bdb033099a222b2cfc2"/>
  </testcase>
  <testcase name="Test2" classname="title.TestHome" time="0">
    <skipped message="no such window: window was already closed&#10;  (Session info: chrome=73.0.3683.86)&#10;  (Driver info: chromedriver=2.46.628411 (3324f4c8be9ff2f70a05a30ebc72ffb013e1a71e),platform=Mac OS X 10.13.6 x86_64) (WARNING: The server did not provide any stacktrace information)&#10;Command duration or timeout: 0 milliseconds&#10;Build info: version: &apos;3.141.59&apos;, revision: &apos;e82be7d358&apos;, time: &apos;2018-11-14T08:17:03&apos;&#10;System info: host: &apos;Alexs-MacBook-Pro.local&apos;, ip: &apos;2604:2000:b056:d800:0:0:0:8%en0&apos;, os.name: &apos;Mac OS X&apos;, os.arch: &apos;x86_64&apos;, os.version: &apos;10.13.6&apos;, java.version: &apos;1.8.0_201&apos;&#10;Driver info: org.openqa.selenium.chrome.ChromeDriver&#10;Capabilities {acceptInsecureCerts: false, acceptSslCerts: false, applicationCacheEnabled: false, browserConnectionEnabled: false, browserName: chrome, chrome: {chromedriverVersion: 2.46.628411 (3324f4c8be9ff2..., userDataDir: /var/folders/9c/082wz8lj5pq...}, cssSelectorsEnabled: true, databaseEnabled: false, goog:chromeOptions: {debuggerAddress: localhost:53986}, handlesAlerts: true, hasTouchScreen: false, javascriptEnabled: true, locationContextEnabled: true, mobileEmulationEnabled: false, nativeEvents: true, networkConnectionEnabled: false, pageLoadStrategy: normal, platform: MAC, platformName: MAC, proxy: Proxy(), rotatable: false, setWindowRect: true, strictFileInteractability: false, takesHeapSnapshot: true, takesScreenshot: true, timeouts: {implicit: 0, pageLoad: 300000, script: 30000}, unexpectedAlertBehaviour: ignore, unhandledPromptBehavior: ignore, version: 73.0.3683.86, webStorageEnabled: true}&#10;Session ID: 4c9114844d036bdb033099a222b2cfc2"/>
  </testcase>
  <testcase name="Test4" classname="title.TestHome" time="0">
    <skipped message="no such window: window was already closed&#10;  (Session info: chrome=73.0.3683.86)&#10;  (Driver info: chromedriver=2.46.628411 (3324f4c8be9ff2f70a05a30ebc72ffb013e1a71e),platform=Mac OS X 10.13.6 x86_64) (WARNING: The server did not provide any stacktrace information)&#10;Command duration or timeout: 0 milliseconds&#10;Build info: version: &apos;3.141.59&apos;, revision: &apos;e82be7d358&apos;, time: &apos;2018-11-14T08:17:03&apos;&#10;System info: host: &apos;Alexs-MacBook-Pro.local&apos;, ip: &apos;2604:2000:b056:d800:0:0:0:8%en0&apos;, os.name: &apos;Mac OS X&apos;, os.arch: &apos;x86_64&apos;, os.version: &apos;10.13.6&apos;, java.version: &apos;1.8.0_201&apos;&#10;Driver info: org.openqa.selenium.chrome.ChromeDriver&#10;Capabilities {acceptInsecureCerts: false, acceptSslCerts: false, applicationCacheEnabled: false, browserConnectionEnabled: false, browserName: chrome, chrome: {chromedriverVersion: 2.46.628411 (3324f4c8be9ff2..., userDataDir: /var/folders/9c/082wz8lj5pq...}, cssSelectorsEnabled: true, databaseEnabled: false, goog:chromeOptions: {debuggerAddress: localhost:53986}, handlesAlerts: true, hasTouchScreen: false, javascriptEnabled: true, locationContextEnabled: true, mobileEmulationEnabled: false, nativeEvents: true, networkConnectionEnabled: false, pageLoadStrategy: normal, platform: MAC, platformName: MAC, proxy: Proxy(), rotatable: false, setWindowRect: true, strictFileInteractability: false, takesHeapSnapshot: true, takesScreenshot: true, timeouts: {implicit: 0, pageLoad: 300000, script: 30000}, unexpectedAlertBehaviour: ignore, unhandledPromptBehavior: ignore, version: 73.0.3683.86, webStorageEnabled: true}&#10;Session ID: 4c9114844d036bdb033099a222b2cfc2"/>
  </testcase>
  <testcase name="generateReport" classname="title.TestHome" time="29.264">
    <failure type="java.lang.NullPointerException">java.lang.NullPointerException
</failure>
  </testcase>
</testsuite>