<?xml version="1.0" encoding="UTF-8"?>
<!-- Generated by org.testng.reporters.JUnitReportReporter -->
<testsuite skipped="0" hostname="prodips-MBP" name="home.TestOrders" tests="1" failures="0" timestamp="26 Mar 2019 07:52:29 GMT" time="22.262" errors="0">
  <testcase name="TestOrderPage" time="22.262" classname="home.TestOrders"/>
</testsuite> <!-- home.TestOrders -->
