<?xml version="1.0" encoding="UTF-8"?>
<!-- Generated by org.testng.reporters.JUnitReportReporter -->
<testsuite skipped="0" hostname="prodips-MBP" name="home.Links" tests="2" failures="0" timestamp="24 Mar 2019 10:25:56 GMT" time="22.718" errors="0">
  <testcase name="TestHomeLinks" time="15.389" classname="home.Links"/>
  <testcase name="TestRegister" time="7.329" classname="home.Links"/>
</testsuite> <!-- home.Links -->
