<?xml version="1.0" encoding="UTF-8"?>
<!-- Generated by org.testng.reporters.JUnitReportReporter -->
<testsuite skipped="0" hostname="prodips-MBP" name="home.Links" tests="6" failures="0" timestamp="28 Mar 2019 09:16:08 GMT" time="68.754" errors="0">
  <testcase name="TestDeveloper" time="26.947" classname="home.Links"/>
  <testcase name="TestRegister" time="7.184" classname="home.Links"/>
  <testcase name="TestWomenFashion" time="6.424" classname="home.Links"/>
  <testcase name="TestWomenPage" time="5.995" classname="home.Links"/>
  <testcase name="TestHomeLinks" time="12.044" classname="home.Links"/>
  <testcase name="BuyGiftCards" time="10.160" classname="home.Links"/>
</testsuite> <!-- home.Links -->
