<?xml version="1.0" encoding="UTF-8"?>
<!-- Generated by org.testng.reporters.JUnitReportReporter -->
<testsuite skipped="0" hostname="prodips-MBP" name="home.Links" tests="5" failures="0" timestamp="26 Mar 2019 08:58:27 GMT" time="46.392" errors="0">
  <testcase name="TestRegister" time="11.332" classname="home.Links"/>
  <testcase name="TestHomeLinks" time="13.259" classname="home.Links"/>
  <testcase name="BuyGiftCards" time="10.947" classname="home.Links"/>
  <testcase name="TestWomenFashion" time="5.902" classname="home.Links"/>
  <testcase name="TestWomenPage" time="4.952" classname="home.Links"/>
</testsuite> <!-- home.Links -->
